<?xml version="1.0" encoding="UTF-8"?>
<!-- Generated by org.testng.reporters.JUnitReportReporter -->
<testsuite hostname="P3ALAP-21J1NW2" name="Test_POST" tests="1" failures="0" timestamp="24 Jun 2020 12:15:17 GMT" time="4.586" errors="0">
  <testcase name="test_4_delete" time="4.586" classname="Test_POST"/>
</testsuite> <!-- Test_POST -->
