<?xml version="1.0" encoding="UTF-8"?>
<!-- Generated by org.testng.reporters.JUnitReportReporter -->
<testsuite hostname="P3ALAP-21J1NW2" name="Test01_GET" tests="2" failures="0" timestamp="24 Jun 2020 11:22:21 GMT" time="5.972" errors="0">
  <testcase name="test_01" time="3.958" classname="Test01_GET"/>
  <testcase name="test_02" time="2.014" classname="Test01_GET"/>
</testsuite> <!-- Test01_GET -->
